c:\users\сергей\desktop\lab3_tp\example\example\debug\vc141.pdb
c:\users\сергей\desktop\lab3_tp\example\example\debug\.netframework,version=v4.5.2.assemblyattributes.obj
c:\users\сергей\desktop\lab3_tp\example\example\debug\.netframework,version=v4.5.2.assemblyattributes.asm
c:\users\сергей\desktop\lab3_tp\example\example\debug\myform.obj
c:\users\сергей\desktop\lab3_tp\example\example\debug\example.myform.resources
c:\users\сергей\desktop\lab3_tp\example\debug\example.exe
c:\users\сергей\desktop\lab3_tp\example\debug\example.pdb
c:\users\сергей\desktop\lab3_tp\example\example\debug\example.vcxproj.generateresource.cache
c:\users\сергей\desktop\lab3_tp\example\example\debug\example.vcxprojresolveassemblyreference.cache
c:\users\сергей\desktop\lab3_tp\example\example\debug\example.tlog\cl.command.1.tlog
c:\users\сергей\desktop\lab3_tp\example\example\debug\example.tlog\cl.read.1.tlog
c:\users\сергей\desktop\lab3_tp\example\example\debug\example.tlog\cl.write.1.tlog
c:\users\сергей\desktop\lab3_tp\example\example\debug\example.tlog\example.write.1u.tlog
c:\users\сергей\desktop\lab3_tp\example\example\debug\example.tlog\link.command.1.tlog
c:\users\сергей\desktop\lab3_tp\example\example\debug\example.tlog\link.read.1.tlog
c:\users\сергей\desktop\lab3_tp\example\example\debug\example.tlog\link.write.1.tlog
c:\users\сергей\desktop\lab3_tp\example\example\debug\example.tlog\metagen.read.1.tlog
c:\users\сергей\desktop\lab3_tp\example\example\debug\example.tlog\metagen.write.1.tlog
c:\users\сергей\desktop\lab3_tp\example\example\debug\example.tlog\rsaenh.dll.bi
c:\users\сергей\desktop\lab3_tp\example\example\debug\example.tlog\tzres.dll.bi
